2018-06-03 12:01:45 - Get Sample product feed
2018-06-03 12:01:45 - Complete - Get Sample product feed
2018-06-03 12:02:50 - Updating FAE settings - facebook_catalog_id
2018-06-03 12:02:50 - Complete - Updating FAE settings
2018-06-03 12:02:50 - Updating FAE settings - facebook_pixel_id,facebook_pixel_use_pii
2018-06-03 12:02:50 - Complete - Updating FAE settings
2018-06-03 12:02:50 - Updating FAE settings - facebook_dia_setting_id
2018-06-03 12:02:50 - Complete - Updating FAE settings
2018-06-03 12:02:50 - Clear all Facebook products
2018-06-03 12:02:50 - Complete - Clear all Facebook products
2018-06-03 12:02:51 - Updating FAE settings - facebook_page_id,facebook_page_token
2018-06-03 12:02:51 - Complete - Updating FAE settings
2018-06-03 12:02:51 - Sync all products using feed
2018-06-03 12:02:51 - Generating product feed file
2018-06-03 12:02:51 - Sync all products using feed, feed file generated
2018-06-03 12:02:51 - Sync all products using feed, facebook feed created
2018-06-03 12:02:52 - Sync all products using feed, facebook upload created
2018-06-03 12:02:53 - Complete - Sync all products using feed
2018-06-03 12:04:24 - Get Sample product feed
2018-06-03 12:04:24 - Complete - Get Sample product feed
2018-06-03 12:04:35 - Get Sample product feed
2018-06-03 12:04:35 - Complete - Get Sample product feed
2018-06-03 12:10:51 - Get Sample product feed
2018-06-03 12:10:51 - Complete - Get Sample product feed
2018-06-03 12:11:16 - Get Sample product feed
2018-06-03 12:11:16 - Complete - Get Sample product feed
2018-06-03 12:36:37 - Get Sample product feed
2018-06-03 12:36:37 - Complete - Get Sample product feed
2018-06-03 12:46:09 - Get Sample product feed
2018-06-03 12:46:09 - Complete - Get Sample product feed
2018-06-03 12:46:21 - Get Sample product feed
2018-06-03 12:46:21 - Complete - Get Sample product feed
2018-06-03 12:48:32 - Get Sample product feed
2018-06-03 12:48:32 - Complete - Get Sample product feed
2018-06-03 12:50:09 - Get Sample product feed
2018-06-03 12:50:09 - Complete - Get Sample product feed
2018-06-03 12:51:51 - Get Sample product feed
2018-06-03 12:51:51 - Complete - Get Sample product feed
2018-06-03 12:53:31 - Get Sample product feed
2018-06-03 12:53:31 - Complete - Get Sample product feed
2018-06-04 10:04:08 - Sync for product 1
2018-06-04 10:04:25 - Sync for product 2
2018-06-04 10:04:33 - Sync for product 4
2018-06-04 10:04:42 - Sync for product 3
2018-06-06 3:00:30 - Sync for product 1
2018-06-06 3:00:36 - Sync for product 2
2018-06-06 3:00:41 - Sync for product 4
2018-06-06 3:00:46 - Sync for product 3
2018-06-07 5:39:23 - Sync for product 1
2018-06-07 5:39:42 - Sync for product 2
2018-06-07 5:39:54 - Sync for product 4
2018-06-07 5:40:05 - Sync for product 3
2018-06-07 5:40:16 - Sync for product 4
2018-06-07 7:35:44 - Sync for product 1
2018-06-07 7:38:16 - Sync for product 2
2018-06-07 7:38:21 - Sync for product 4
2018-06-07 7:38:26 - Sync for product 3
2018-06-07 7:38:43 - Sync for product 1
2018-06-07 7:50:02 - Sync for product 1
2018-06-07 11:36:29 - Get Sample product feed
2018-06-07 11:36:29 - Complete - Get Sample product feed
2018-06-07 11:36:47 - Get Sample product feed
2018-06-07 11:36:47 - Complete - Get Sample product feed
2018-06-08 8:05:27 - Get Sample product feed
2018-06-08 8:05:27 - Complete - Get Sample product feed
2018-06-08 8:28:58 - Get Sample product feed
2018-06-08 8:28:58 - Complete - Get Sample product feed
2018-06-09 7:44:47 - Sync for product 1
2018-06-09 7:44:57 - Sync for product 1
2018-06-09 7:45:27 - Sync for product 1
2018-06-09 7:45:33 - Sync for product 1
2018-06-09 7:47:45 - Update products for availability change - 1
2018-06-09 9:00:21 - Update products for availability change - 1
2018-06-11 3:13:34 - Update products for availability change - 1
2018-06-11 8:59:55 - Update products for availability change - 1
2018-06-11 9:12:30 - Update products for availability change - 1
2018-06-11 9:14:10 - Update products for availability change - 1
2018-06-11 9:14:43 - Update products for availability change - 1
2018-06-11 9:15:19 - Update products for availability change - 1
2018-06-11 10:30:40 - Update products for availability change - 1
2018-06-11 10:34:36 - Update products for availability change - 1
2018-06-11 10:49:40 - Get Sample product feed
2018-06-11 10:49:40 - Complete - Get Sample product feed
2018-06-16 8:51:18 - Sync for product 1
2018-07-03 8:48:06 - Sync for product 1
2018-07-03 8:48:17 - Sync for product 2
2018-07-04 5:49:27 - Sync for product 1
2018-07-04 11:50:36 - Update products for availability change - 1
2018-07-04 11:52:41 - Update products for availability change - 1
2018-07-04 11:59:36 - Update products for availability change - 1
2018-07-04 12:24:54 - Update products for availability change - 1
2018-07-06 9:35:33 - Sync for product 1
2018-07-06 9:43:10 - Sync for product 1
2018-07-06 9:44:55 - Sync for product 1
2018-07-06 9:56:27 - Sync for product 1
2018-07-06 9:57:18 - Sync for product 1
2018-07-06 10:33:02 - Sync for product 1
2018-07-06 10:34:10 - Sync for product 1
2018-07-06 16:46:55 - Update products for availability change - 1
2018-07-06 10:47:05 - Sync for product 1
2018-07-10 5:15:49 - Sync for product 1
2018-07-22 14:01:36 - Sync for product 1
2018-07-22 14:49:38 - Sync for product 2
2018-07-25 8:20:07 - Sync for product 1
2018-07-25 8:20:16 - Sync for product 2
2018-08-01 12:48:01 - Sync for product 1
2018-08-01 14:18:36 - Sync for product 1
2018-08-01 14:32:27 - Sync for product 1
2018-08-01 16:10:01 - Sync for product 10
2018-08-01 16:10:08 - Sync for product 11
2018-08-01 16:10:28 - Sync for product 12
2018-08-01 16:10:35 - Sync for product 13
2018-08-01 16:10:42 - Sync for product 14
2018-08-01 16:10:46 - Sync for product 15
2018-08-01 16:10:50 - Sync for product 16
2018-08-01 16:10:54 - Sync for product 2
2018-08-01 16:10:58 - Sync for product 3
2018-08-01 16:11:02 - Sync for product 4
2018-08-01 16:11:06 - Sync for product 5
2018-08-01 16:11:13 - Sync for product 6
2018-08-01 16:11:18 - Sync for product 7
2018-08-01 16:11:23 - Sync for product 8
2018-08-01 16:11:27 - Sync for product 9
2018-08-01 16:38:24 - Sync for product 16
2018-08-07 23:44:05 - Update products for availability change - 1
2018-08-07 17:44:41 - Sync for product 1
2018-08-13 4:43:44 - Sync for product 1
2018-08-13 5:42:40 - Sync for product 10
2018-08-13 5:42:43 - Sync for product 10
2018-08-13 7:07:27 - Sync for product 10
2018-08-13 9:37:46 - Sync for product 10
2018-08-13 9:37:47 - Sync for product 10
2018-08-13 12:35:15 - Sync for product 10
2018-08-13 18:45:01 - Sync for product 1
2018-08-13 18:46:23 - Sync for product 1
2018-08-13 18:46:39 - Sync for product 1
2018-08-13 18:46:56 - Sync for product 1
2018-08-13 18:46:59 - Sync for product 1
2018-08-15 4:11:44 - Sync for product 1
2018-08-15 4:16:56 - Sync for product 1
2018-08-15 4:45:24 - Sync for product 1
2018-08-15 4:46:10 - Sync for product 1
2018-08-15 4:49:34 - Sync for product 1
2018-08-15 4:51:14 - Sync for product 1
2018-08-15 4:53:53 - Sync for product 1
2018-08-15 4:54:05 - Sync for product 1
2018-08-18 15:51:33 - Update products for availability change - 1
2018-08-18 22:34:13 - Update products for availability change - 1,13
2018-08-29 21:29:17 - Update products for availability change - 1,13
2018-08-29 21:29:51 - Update products for availability change - 1
2018-08-29 21:33:37 - Update products for availability change - 1
2018-08-29 22:32:11 - Update products for availability change - 1
2018-08-30 15:26:59 - Sync for product 10
2018-09-02 15:23:27 - Sync for product 1
2018-09-03 17:27:29 - Sync for product 1
2018-09-03 17:39:53 - Sync for product 1
2018-09-03 17:48:18 - Sync for product 1
2018-09-08 8:51:11 - Sync for product 16
2018-09-09 11:24:40 - Update products for availability change - 1,10
2018-09-09 5:54:59 - Sync for product 1
2018-09-09 7:45:42 - Sync for product 1
2018-09-09 7:56:35 - Sync for product 1
2018-09-09 7:56:36 - Sync for product 1
2018-09-09 12:33:44 - Sync for product 1
2018-09-14 3:55:32 - Sync for product 1
2018-09-15 15:39:36 - Sync for product 10
2018-09-15 15:39:45 - Sync for product 10
2018-09-15 17:03:31 - Sync for product 1
2018-09-15 17:03:36 - Sync for product 1
2018-09-16 14:42:45 - Update products for availability change - 1
2018-09-18 23:33:34 - Update products for availability change - 1,12,10
2018-09-19 14:32:04 - Update products for availability change - 2,3,4,7,8,1
2018-09-19 14:57:07 - Sync for product 1
2018-09-19 21:40:19 - Update products for availability change - 1,10
2018-09-19 15:55:39 - Sync for product 10
2018-09-19 22:01:09 - Update products for availability change - 1,10
2018-09-21 3:59:15 - Sync for product 5
2018-09-21 9:51:53 - Sync for product 1
2018-09-21 9:51:59 - Sync for product 2
2018-09-21 9:52:03 - Sync for product 3
2018-09-21 9:52:11 - Sync for product 4
2018-09-21 9:52:16 - Sync for product 6
2018-09-21 9:52:20 - Sync for product 7
2018-09-21 9:52:24 - Sync for product 8
2018-09-21 9:52:28 - Sync for product 5
2018-09-21 19:02:14 - Update products for availability change - 1,2
2018-09-21 19:23:33 - Update products for availability change - 1
2018-09-22 18:40:22 - Sync for product 11
2018-09-23 15:03:04 - Update products for availability change - 11
2018-09-23 15:04:39 - Update products for availability change - 11
2018-09-23 15:06:52 - Update products for availability change - 11
2018-09-23 15:14:28 - Update products for availability change - 11
2018-09-23 15:15:35 - Update products for availability change - 11
2018-09-23 15:15:44 - Update products for availability change - 11
2018-09-23 15:16:32 - Update products for availability change - 11
2018-09-23 15:23:53 - Update products for availability change - 11
2018-09-23 15:29:33 - Update products for availability change - 11
2018-09-23 15:30:14 - Update products for availability change - 11
2018-09-23 15:30:31 - Update products for availability change - 11
2018-09-23 15:36:53 - Update products for availability change - 11
2018-09-23 15:41:59 - Update products for availability change - 11
2018-09-23 15:42:38 - Update products for availability change - 11
2018-09-23 15:53:19 - Update products for availability change - 11
2018-09-23 15:54:19 - Update products for availability change - 11
2018-09-23 15:59:55 - Update products for availability change - 11
2018-09-23 17:42:52 - Update products for availability change - 11
2018-09-23 17:44:50 - Update products for availability change - 11
2018-09-24 9:36:58 - Sync for product 4
2018-09-24 11:20:26 - Update products for availability change - 4
2018-09-24 11:26:20 - Update products for availability change - 3
2018-09-24 14:47:31 - Update products for availability change - 4
2018-09-24 14:51:39 - Update products for availability change - 4
2018-09-24 16:01:20 - Sync for product 1
2018-09-24 16:34:24 - Update products for availability change - 4
2018-09-24 16:35:15 - Update products for availability change - 4
2018-09-24 16:37:39 - Update products for availability change - 4
2018-09-24 16:46:28 - Update products for availability change - 3
2018-09-24 16:47:32 - Update products for availability change - 3
2018-09-24 18:14:41 - Update products for availability change - 4
2018-09-24 23:18:05 - Update products for availability change - 11
2018-09-25 11:31:49 - Update products for availability change - 4
2018-09-25 11:43:42 - Update products for availability change - 4
2018-09-26 9:48:22 - Update products for availability change - 4
2018-09-26 10:00:20 - Update products for availability change - 4
2018-09-26 10:05:51 - Update products for availability change - 4
2018-09-26 10:13:03 - Update products for availability change - 4
2018-09-26 10:16:15 - Update products for availability change - 4
2018-09-26 10:17:26 - Update products for availability change - 4
2018-09-26 10:18:18 - Update products for availability change - 4
2018-09-26 10:23:28 - Update products for availability change - 4
2018-09-26 23:10:44 - Update products for availability change - 11
2018-09-26 23:51:17 - Sync for product 11
2018-09-26 23:51:35 - Sync for product 11
2018-09-26 23:54:54 - Sync for product 11
2018-09-26 23:56:33 - Sync for product 11
2018-09-28 5:21:41 - Sync for product 2
2018-10-02 6:02:06 - Sync for product 1
2018-10-19 5:30:26 - Sync for product 11
2018-10-19 5:48:36 - Sync for product 1
2018-10-19 9:00:33 - Sync for product 1
2018-10-19 15:05:51 - Update products for availability change - 3,1,2
2018-10-19 15:22:02 - Update products for availability change - 2,4
2018-10-19 15:35:43 - Update products for availability change - 2,4
2018-10-23 10:12:10 - Update products for availability change - 3,1,2
2018-10-24 17:01:53 - Sync for product 10
2018-10-24 23:45:20 - Update products for availability change - 1,10
2018-10-24 23:46:57 - Update products for availability change - 1,10
2018-11-02 18:25:04 - Sync for product 1
2018-11-03 3:27:41 - Get Sample product feed
2018-11-03 3:27:41 - Complete - Get Sample product feed
2018-11-03 5:22:06 - Sync for product 1
2018-11-03 8:02:24 - Get Sample product feed
2018-11-03 8:02:24 - Complete - Get Sample product feed
2018-11-03 8:28:42 - Get Sample product feed
2018-11-03 8:28:42 - Complete - Get Sample product feed
2018-11-18 13:55:37 - Sync for product 1
2018-11-18 13:56:17 - Sync for product 1
2018-11-18 13:57:41 - Sync for product 1
2018-11-21 0:00:24 - Update products for availability change - 1
2018-12-22 10:01:56 - Sync for product 1
2018-12-25 8:12:18 - Get Sample product feed
2018-12-25 8:12:18 - Complete - Get Sample product feed
2019-01-01 16:42:02 - Get Sample product feed
2019-01-01 16:42:02 - Complete - Get Sample product feed
2019-01-05 4:27:12 - Sync for product 2
2019-01-05 4:27:30 - Sync for product 3
2019-01-05 5:03:42 - Sync for product 2
2019-01-05 17:03:49 - Update products for availability change - 2
2019-01-05 17:06:37 - Update products for availability change - 1
2019-01-05 17:11:31 - Update products for availability change - 1
2019-03-02 14:17:36 - Sync for product 1
2019-03-02 15:07:07 - Sync for product 1
2019-03-06 20:25:00 - Sync for product 2
2019-03-06 20:35:14 - Sync for product 1
2019-03-06 20:49:54 - Sync for product 1
2019-03-06 20:54:27 - Sync for product 1
2019-03-06 20:58:02 - Sync for product 2
2019-03-06 22:17:01 - Sync for product 1
2019-03-06 22:34:36 - Sync for product 1
2019-03-06 22:34:40 - Sync for product 2
2019-03-06 22:35:31 - Sync for product 1
2019-03-06 22:35:37 - Sync for product 2
2019-03-06 22:35:40 - Sync for product 1
2019-03-07 11:30:48 - Sync for product 1
2019-03-07 11:31:29 - Update products for availability change - 1
2019-03-07 16:17:16 - Update products for availability change - 1
2019-03-07 17:14:37 - Sync for product 2
2019-03-07 17:15:35 - Sync for product 2
2019-03-07 19:05:44 - Update products for availability change - 1
2019-07-04 6:10:27 - Sync for product 1
2019-07-04 6:11:09 - Sync for product 1
2019-07-04 6:11:10 - Sync for product 1
2019-07-11 16:09:20 - Sync for product 1
2019-07-11 22:09:43 - Update products for availability change - 1
2019-11-05 14:16:28 - Sync for product 1
2019-11-05 16:38:05 - Sync for product 1
2019-11-05 16:38:55 - Sync for product 1
2019-11-05 16:38:59 - Sync for product 1
2019-11-05 16:39:28 - Sync for product 2
2019-11-05 16:56:21 - Update products for availability change - 1
2019-11-05 17:01:52 - Update products for availability change - 1
2019-11-05 17:42:33 - Sync for product 1
2019-11-05 17:43:21 - Sync for product 1
2019-11-05 17:43:30 - Sync for product 1
2019-11-05 17:43:40 - Sync for product 1
2019-11-05 17:44:13 - Sync for product 1
2019-11-05 17:44:49 - Sync for product 1
2019-11-05 17:44:59 - Sync for product 1
2019-11-06 11:32:47 - Sync for product 1
2019-11-06 14:01:15 - Sync for product 1
2019-11-06 14:28:33 - Sync for product 1
2019-11-06 14:28:51 - Sync for product 1
2019-11-06 14:29:01 - Sync for product 1
2019-11-06 14:35:37 - Sync for product 1
2019-11-06 14:39:29 - Sync for product 1
2019-11-06 14:41:57 - Sync for product 1
2019-11-06 14:42:06 - Sync for product 1
2019-11-06 14:42:17 - Sync for product 1
2019-11-06 14:42:33 - Sync for product 1
2019-11-06 14:42:46 - Sync for product 1
2019-11-06 14:42:56 - Sync for product 1
2019-11-06 14:44:28 - Sync for product 1
2019-11-06 14:51:04 - Sync for product 1
2019-11-06 14:51:45 - Sync for product 1
2019-11-06 14:51:58 - Sync for product 1
2019-11-06 14:52:41 - Sync for product 1
2019-11-06 14:53:15 - Sync for product 1
2019-11-08 16:00:24 - Sync for product 1
2019-11-08 16:04:38 - Sync for product 1
2019-11-08 16:04:46 - Sync for product 1
2019-11-08 16:05:04 - Sync for product 1
2019-11-08 16:05:26 - Sync for product 1
2019-11-08 16:08:35 - Sync for product 1
2019-11-08 16:09:34 - Sync for product 1
2019-11-08 16:10:15 - Sync for product 1
2019-11-08 16:10:26 - Sync for product 1
2019-11-08 16:10:45 - Sync for product 1
2019-11-08 16:14:58 - Sync for product 1
2019-11-08 16:15:46 - Sync for product 1
2019-11-08 16:16:29 - Sync for product 1
2019-11-08 16:21:20 - Sync for product 1
2019-11-08 16:21:58 - Sync for product 1
2019-11-08 16:27:09 - Sync for product 1
2019-11-08 16:30:39 - Sync for product 1
2019-11-08 16:30:51 - Sync for product 1
2019-11-11 14:50:40 - Sync for product 1
2019-11-11 14:51:29 - Sync for product 1
2019-11-11 14:55:54 - Update products for availability change - 1
2019-11-11 14:59:51 - Sync for product 1
2019-11-11 15:00:28 - Update products for availability change - 1
2019-11-11 15:48:11 - Sync for product 3
2019-11-11 15:48:29 - Sync for product 3
2019-11-14 14:58:59 - Sync for product 1
2019-11-14 14:59:15 - Sync for product 2
2019-11-14 18:07:15 - Sync for product 1
2019-11-15 9:51:17 - Sync for product 1
2019-11-15 9:51:55 - Sync for product 3
2019-11-15 9:52:03 - Sync for product 1
2019-11-15 9:52:28 - Sync for product 2
2019-11-15 9:52:44 - Sync for product 2
2019-11-15 14:38:55 - Sync for product 2
2019-11-15 14:39:10 - Sync for product 2
2019-11-15 14:48:04 - Sync for product 2
2019-11-15 14:48:47 - Sync for product 2
2019-11-15 15:07:53 - Sync for product 2
2019-11-18 16:51:21 - Sync for product 2
2019-11-18 16:52:08 - Sync for product 2
2019-11-18 17:31:00 - Sync for product 2
2019-11-18 17:46:52 - Sync for product 2
2019-11-19 12:04:14 - Sync for product 2
2019-11-19 12:04:22 - Sync for product 2
2019-11-19 14:36:59 - Sync for product 2
2019-11-19 14:37:24 - Sync for product 2
2019-11-19 14:42:16 - Sync for product 2
2019-11-19 14:42:43 - Sync for product 2
2019-11-19 14:43:00 - Sync for product 2
2019-11-19 14:43:36 - Sync for product 2
2019-11-19 14:43:57 - Sync for product 2
2019-11-20 10:00:49 - Sync for product 2
2019-11-20 10:01:07 - Sync for product 2
2019-11-20 10:01:22 - Sync for product 2
2019-11-20 10:01:38 - Sync for product 2
2019-11-20 10:01:51 - Sync for product 2
2019-11-20 10:03:17 - Sync for product 2
2019-11-20 10:04:04 - Sync for product 2
2019-11-20 10:04:19 - Sync for product 2
2019-11-20 10:04:32 - Sync for product 2
2019-11-20 10:04:48 - Sync for product 2
2019-11-20 10:05:01 - Sync for product 2
2019-11-20 10:05:05 - Sync for product 2
2019-11-20 10:05:28 - Sync for product 2
2019-11-20 10:05:33 - Sync for product 2
2019-11-20 10:05:37 - Sync for product 2
2019-11-20 10:06:11 - Sync for product 2
2019-11-25 10:47:19 - Sync for product 1
2019-11-25 11:00:06 - Sync for product 1
2019-11-25 11:44:36 - Sync for product 1
2019-11-25 11:44:48 - Sync for product 1
2019-11-25 11:54:19 - Sync for product 1
2019-11-25 11:54:41 - Sync for product 1
2019-11-25 11:55:05 - Sync for product 1
2019-11-25 12:00:27 - Sync for product 1
2019-11-25 12:02:21 - Sync for product 1
2019-11-25 16:15:22 - Sync for product 2
2019-11-25 16:53:59 - Sync for product 2
2019-11-25 17:05:36 - Sync for product 2
2019-11-25 17:06:12 - Sync for product 2
2019-11-25 17:06:19 - Sync for product 2
2019-11-25 17:58:03 - Sync for product 1
2019-11-25 17:58:14 - Sync for product 1
2019-11-25 18:01:49 - Sync for product 1
2019-11-25 18:03:32 - Sync for product 1
2019-11-25 18:03:43 - Sync for product 1
2020-01-02 11:53:54 - Sync for product 1
2020-01-02 11:54:35 - Update products for availability change - 1
2020-01-02 11:55:13 - Update products for availability change - 1
2020-01-02 11:55:44 - Update products for availability change - 1
2020-01-02 11:56:34 - Update products for availability change - 1
2020-01-02 12:15:47 - Update products for availability change - 1
2020-01-02 14:05:31 - Update products for availability change - 1
2020-01-02 14:05:58 - Update products for availability change - 1
2020-01-02 14:06:29 - Update products for availability change - 1
2020-01-02 14:31:25 - Update products for availability change - 1
2020-01-02 14:31:53 - Update products for availability change - 1
2020-01-02 14:33:29 - Update products for availability change - 1
2020-01-02 14:47:30 - Update products for availability change - 1
2020-01-02 14:48:01 - Update products for availability change - 1
2020-01-02 15:07:48 - Get Sample product feed
2020-01-02 15:07:48 - Complete - Get Sample product feed
2020-01-02 15:13:07 - Sync for product 1
2020-01-02 15:13:10 - Sync for product 1
2020-01-02 15:33:49 - Sync for product 2
2020-01-02 15:33:56 - Sync for product 2
2020-01-02 15:34:14 - Sync for product 3
2020-01-02 15:34:21 - Sync for product 3
2020-01-02 15:34:30 - Sync for product 1
2020-01-02 15:34:42 - Sync for product 4
2020-01-02 15:35:01 - Sync for product 5
2020-01-03 15:44:53 - Sync for product 6
2020-01-03 15:47:25 - Sync for product 3
2020-01-03 15:47:52 - Sync for product 2
2020-01-09 11:13:21 - Sync for product 7
2020-01-09 11:19:49 - Sync for product 7
2020-01-09 11:20:24 - Sync for product 7
2020-01-09 11:27:29 - Sync for product 7
2020-01-09 11:50:51 - Sync for product 7
2020-01-09 11:51:16 - Sync for product 7
2020-01-09 11:51:31 - Sync for product 7
2020-01-09 11:52:05 - Sync for product 7
2020-01-09 11:54:32 - Get Sample product feed
2020-01-09 11:54:32 - Complete - Get Sample product feed
2020-01-09 14:57:39 - Sync for product 3
2020-01-09 15:52:10 - Sync for product 5
2020-01-09 15:52:47 - Sync for product 5
2020-01-09 16:45:42 - Sync for product 7
2020-01-09 16:49:50 - Sync for product 1
2020-01-09 17:45:23 - Sync for product 1
2020-01-09 17:51:36 - Sync for product 2
2020-01-09 18:06:57 - Sync for product 1
2020-01-10 15:47:13 - Sync for product 1
2020-01-10 15:48:46 - Sync for product 2
2020-01-10 15:56:26 - Sync for product 3
2020-01-10 16:04:03 - Sync for product 3
2020-02-14 16:05:46 - Sync for product 1
2020-02-17 12:18:25 - Get Sample product feed
2020-02-17 12:18:25 - Complete - Get Sample product feed
2020-02-18 9:57:38 - Sync for product 1
2020-02-18 9:57:51 - Sync for product 1
2020-02-18 10:01:03 - Update products for availability change - 1
2020-02-18 10:35:07 - Update products for availability change - 1
2020-02-18 14:20:39 - Sync for product 1
2020-02-18 14:21:02 - Update products for availability change - 1
2020-02-18 15:20:25 - Sync for product 2
2020-02-18 16:44:16 - Update products for availability change - 1
2020-02-19 16:36:56 - Sync for product 1
2020-02-19 16:37:01 - Sync for product 1
2020-02-19 17:12:00 - Update products for availability change - 1
2020-02-20 11:10:10 - Sync for product 3
2020-02-20 11:10:22 - Sync for product 4
2020-02-20 11:10:28 - Sync for product 4
2020-02-20 11:10:43 - Sync for product 1
2020-02-20 11:11:15 - Sync for product 1
2020-02-20 11:15:20 - Update products for availability change - 1
2020-02-20 17:35:10 - Update products for availability change - 1,2
2020-02-20 17:44:41 - Sync for product 2
2020-02-20 17:44:43 - Sync for product 2
2020-02-20 17:45:17 - Sync for product 3
2020-02-20 18:04:21 - Sync for product 1
2020-02-21 15:26:59 - Sync for product 1
2020-02-21 15:41:28 - Sync for product 1
2020-02-21 15:49:14 - Sync for product 2
2020-02-25 14:12:37 - Sync for product 1
2020-02-25 14:36:52 - Sync for product 1
2020-02-27 11:32:45 - Sync for product 1
2020-02-27 15:39:44 - Sync for product 2
2020-02-27 15:39:57 - Sync for product 2
2020-02-27 15:40:04 - Sync for product 1
2020-02-27 15:41:12 - Sync for product 2
2020-02-27 15:41:16 - Sync for product 1
2020-02-27 15:41:35 - Sync for product 3
2020-02-27 15:41:44 - Sync for product 4
2020-02-27 15:49:46 - Sync for product 1
2020-02-27 15:50:50 - Update products for availability change - 1
2020-02-27 15:53:08 - Update products for availability change - 1
2020-02-27 15:54:15 - Update products for availability change - 1
2020-02-27 15:55:15 - Sync for product 1
2020-02-27 15:55:28 - Sync for product 1
2020-02-27 16:07:16 - Update products for availability change - 1
2020-02-27 16:08:40 - Update products for availability change - 1
2020-02-27 16:18:36 - Update products for availability change - 1
2020-02-27 16:34:42 - Update products for availability change - 1
2020-02-27 16:37:28 - Sync for product 1
2020-02-27 16:37:52 - Update products for availability change - 1
2020-02-27 16:38:01 - Sync for product 1
2020-02-27 16:38:27 - Update products for availability change - 1
2020-02-27 16:38:55 - Sync for product 1
2020-02-27 16:39:21 - Update products for availability change - 1
2020-02-28 11:50:23 - Sync for product 2
2020-02-28 11:57:44 - Sync for product 2
2020-02-28 12:00:15 - Sync for product 2
2020-03-03 11:36:06 - Sync for product 1
2020-03-03 11:36:13 - Sync for product 2
2020-03-03 11:36:19 - Sync for product 2
2020-03-03 11:36:32 - Sync for product 3
2020-03-03 11:36:40 - Sync for product 1
2020-03-03 11:37:19 - Get Sample product feed
2020-03-03 11:37:19 - Complete - Get Sample product feed
2020-03-03 15:20:47 - Sync for product 1
2020-03-03 15:21:25 - Update products for availability change - 1
2020-03-03 15:22:23 - Sync for product 1
2020-03-03 15:23:14 - Update products for availability change - 1
2020-03-03 15:24:20 - Sync for product 1
2020-03-03 15:24:27 - Sync for product 1
2020-03-03 15:25:10 - Update products for availability change - 1
2020-03-03 15:36:41 - Sync for product 1
2020-03-03 15:56:25 - Sync for product 1
2020-03-03 15:57:23 - Sync for product 1
2020-03-03 15:57:49 - Sync for product 1
2020-03-03 16:24:23 - Sync for product 1
2020-03-03 16:24:52 - Sync for product 1
2020-03-03 16:25:04 - Sync for product 1
2020-03-03 16:25:56 - Sync for product 1
2020-03-03 16:26:02 - Sync for product 1
2020-03-03 16:26:31 - Sync for product 1
2020-03-03 16:37:24 - Sync for product 1
2020-03-03 16:39:43 - Sync for product 1
2020-03-03 16:39:52 - Sync for product 1
2020-03-03 17:32:24 - Update products for availability change - 1
2020-03-03 17:36:32 - Sync for product 1
2020-03-04 9:36:07 - Sync for product 1
2020-03-04 9:41:37 - Sync for product 1
2020-03-04 9:41:46 - Sync for product 1
2020-03-04 16:10:30 - Sync for product 1
2020-03-04 17:39:30 - Update products for availability change - 3
2020-03-04 17:40:48 - Update products for availability change - 3
2020-03-20 9:55:33 - Sync for product 1
2020-03-20 9:55:39 - Sync for product 2
2020-03-24 11:05:56 - Update products for availability change - 1,2
2020-03-24 15:05:31 - Sync for product 1
2020-03-24 15:05:58 - Update products for availability change - 1
2020-03-25 9:24:41 - Sync for product 1
2020-03-25 9:24:44 - Sync for product 1
2020-03-25 9:25:35 - Sync for product 1
2020-04-02 13:10:41 - Sync for product 1
2020-04-02 13:10:48 - Sync for product 1
2020-04-02 13:10:56 - Sync for product 1
2020-04-08 13:50:52 - Sync for product 2
2020-04-14 14:24:35 - Sync for product 1
2020-05-04 20:39:20 - Sync for product 1
2020-05-04 20:39:38 - Sync for product 2
2020-05-04 20:40:00 - Sync for product 1
2020-05-04 20:40:09 - Sync for product 2
2020-05-04 20:46:19 - Update products for availability change - 1,2
2020-05-29 15:05:27 - Sync for product 1
2020-05-29 15:53:39 - Sync for product 2
2020-05-29 15:54:05 - Sync for product 3
2020-05-29 15:54:22 - Sync for product 4
2020-05-29 15:54:43 - Sync for product 5
2020-05-29 16:50:02 - Sync for product 1
2020-05-29 17:03:05 - Sync for product 2
2020-05-29 17:03:06 - Sync for product 2
2020-05-29 17:03:28 - Sync for product 2
2020-05-29 17:03:28 - Sync for product 2
2020-05-29 17:03:38 - Sync for product 3
2020-05-29 17:03:39 - Sync for product 3
2020-05-29 17:03:51 - Sync for product 4
2020-05-29 17:03:52 - Sync for product 4
2020-05-29 17:04:01 - Sync for product 5
2020-06-02 14:35:38 - Sync for product 1
2020-06-03 10:05:04 - Sync for product 6
2020-06-03 10:05:44 - Sync for product 6
2020-06-03 10:05:46 - Sync for product 6
2020-06-03 10:06:01 - Sync for product 7
2020-06-03 10:07:53 - Sync for product 8
2020-06-03 10:08:08 - Sync for product 9
2020-06-03 10:08:23 - Sync for product 10
2020-06-03 10:08:37 - Sync for product 11
2020-06-03 10:09:12 - Sync for product 12
2020-06-03 10:09:28 - Sync for product 13
2020-06-04 8:58:12 - Sync for product 1
2020-06-04 8:58:37 - Sync for product 1
2020-06-04 8:59:19 - Sync for product 10
2020-06-04 8:59:29 - Sync for product 11
2020-06-04 8:59:40 - Sync for product 12
2020-06-04 10:50:23 - Sync for product 2
2020-06-04 10:50:25 - Sync for product 2
2020-06-04 11:09:38 - Sync for product 2
2020-06-04 11:15:27 - Sync for product 2
2020-06-04 11:15:49 - Sync for product 2
2020-06-04 11:21:22 - Sync for product 2
2020-06-04 11:21:28 - Sync for product 2
2020-06-04 11:24:02 - Sync for product 2
2020-06-04 11:28:13 - Sync for product 2
2020-06-04 11:28:41 - Sync for product 2
2020-06-04 12:03:10 - Sync for product 2
2020-06-04 12:03:37 - Sync for product 2
2020-06-04 12:03:56 - Sync for product 2
2020-06-04 12:08:23 - Sync for product 2
2020-06-04 12:17:43 - Sync for product 2
2020-06-04 12:17:54 - Sync for product 2
2020-06-04 12:18:29 - Sync for product 2
2020-06-04 12:20:14 - Sync for product 2
2020-06-04 12:21:09 - Sync for product 2
2020-06-04 12:39:03 - Sync for product 2
2020-06-04 12:57:15 - Sync for product 2
2020-06-04 12:58:57 - Sync for product 2
2020-06-04 13:19:19 - Sync for product 2
2020-06-04 14:39:26 - Sync for product 2
2020-06-04 15:37:13 - Sync for product 2
2020-06-04 15:37:47 - Sync for product 2
2020-06-04 16:01:40 - Sync for product 2
2020-06-08 14:49:48 - Sync for product 2
2020-06-08 14:50:40 - Sync for product 2
2020-06-08 14:51:58 - Sync for product 2
2020-06-08 14:52:02 - Sync for product 2
2020-06-08 14:52:15 - Sync for product 2
2020-06-08 14:53:20 - Sync for product 2
2020-06-09 10:38:57 - Sync for product 2
2020-06-09 10:39:16 - Sync for product 2
2020-06-09 10:39:49 - Sync for product 2
2020-06-09 10:40:31 - Sync for product 2
2020-06-09 10:41:49 - Sync for product 2
2020-06-09 10:42:02 - Sync for product 2
2020-06-09 10:43:48 - Sync for product 2
2020-06-09 10:55:32 - Sync for product 2
2020-06-09 10:56:03 - Sync for product 2
2020-06-09 10:56:14 - Sync for product 2
2020-06-09 11:08:02 - Sync for product 2
2020-06-09 11:08:46 - Sync for product 2
2020-06-09 11:08:58 - Sync for product 2
